
state 0
	$accept: .statement $end 

	NUMBER  shift 4
	LP  shift 3
	.  error

	expr  goto 2
	statement  goto 1

state 1
	$accept:  statement.$end 

	$end  accept
	.  error


state 2
	statement:  expr.    (1)
	expr:  expr.POW expr 
	expr:  expr.TIMES expr 
	expr:  expr.DIVIDE expr 
	expr:  expr.PLUS expr 
	expr:  expr.MINUS expr 

	PLUS  shift 8
	MINUS  shift 9
	TIMES  shift 6
	DIVIDE  shift 7
	POW  shift 5
	.  reduce 1 (src line 26)


state 3
	expr:  LP.expr RP 

	NUMBER  shift 4
	LP  shift 3
	.  error

	expr  goto 10

state 4
	expr:  NUMBER.    (8)

	.  reduce 8 (src line 56)


state 5
	expr:  expr POW.expr 

	NUMBER  shift 4
	LP  shift 3
	.  error

	expr  goto 11

state 6
	expr:  expr TIMES.expr 

	NUMBER  shift 4
	LP  shift 3
	.  error

	expr  goto 12

state 7
	expr:  expr DIVIDE.expr 

	NUMBER  shift 4
	LP  shift 3
	.  error

	expr  goto 13

state 8
	expr:  expr PLUS.expr 

	NUMBER  shift 4
	LP  shift 3
	.  error

	expr  goto 14

state 9
	expr:  expr MINUS.expr 

	NUMBER  shift 4
	LP  shift 3
	.  error

	expr  goto 15

state 10
	expr:  LP expr.RP 
	expr:  expr.POW expr 
	expr:  expr.TIMES expr 
	expr:  expr.DIVIDE expr 
	expr:  expr.PLUS expr 
	expr:  expr.MINUS expr 

	PLUS  shift 8
	MINUS  shift 9
	TIMES  shift 6
	DIVIDE  shift 7
	POW  shift 5
	RP  shift 16
	.  error


state 11
	expr:  expr.POW expr 
	expr:  expr POW expr.    (3)
	expr:  expr.TIMES expr 
	expr:  expr.DIVIDE expr 
	expr:  expr.PLUS expr 
	expr:  expr.MINUS expr 

	POW  shift 5
	.  reduce 3 (src line 36)


state 12
	expr:  expr.POW expr 
	expr:  expr.TIMES expr 
	expr:  expr TIMES expr.    (4)
	expr:  expr.DIVIDE expr 
	expr:  expr.PLUS expr 
	expr:  expr.MINUS expr 

	POW  shift 5
	.  reduce 4 (src line 40)


state 13
	expr:  expr.POW expr 
	expr:  expr.TIMES expr 
	expr:  expr.DIVIDE expr 
	expr:  expr DIVIDE expr.    (5)
	expr:  expr.PLUS expr 
	expr:  expr.MINUS expr 

	POW  shift 5
	.  reduce 5 (src line 44)


state 14
	expr:  expr.POW expr 
	expr:  expr.TIMES expr 
	expr:  expr.DIVIDE expr 
	expr:  expr.PLUS expr 
	expr:  expr PLUS expr.    (6)
	expr:  expr.MINUS expr 

	TIMES  shift 6
	DIVIDE  shift 7
	POW  shift 5
	.  reduce 6 (src line 48)


state 15
	expr:  expr.POW expr 
	expr:  expr.TIMES expr 
	expr:  expr.DIVIDE expr 
	expr:  expr.PLUS expr 
	expr:  expr.MINUS expr 
	expr:  expr MINUS expr.    (7)

	TIMES  shift 6
	DIVIDE  shift 7
	POW  shift 5
	.  reduce 7 (src line 52)


state 16
	expr:  LP expr RP.    (2)

	.  reduce 2 (src line 32)


11 terminals, 3 nonterminals
9 grammar rules, 17/16000 states
0 shift/reduce, 0 reduce/reduce conflicts reported
52 working sets used
memory: parser 7/240000
13 extra closures
34 shift entries, 1 exceptions
8 goto entries
0 entries saved by goto default
Optimizer space used: output 31/240000
31 table entries, 6 zero
maximum spread: 11, maximum offset: 9
